Determining if the pthread_create exist failed with the following output:
Change Dir: /code/build/CMakeFiles/CMakeTmp

Run Build Command:"/usr/bin/make" "cmTC_d9800/fast"
/usr/bin/make -f CMakeFiles/cmTC_d9800.dir/build.make CMakeFiles/cmTC_d9800.dir/build
make[1]: Entering directory '/code/build/CMakeFiles/CMakeTmp'
Building C object CMakeFiles/cmTC_d9800.dir/CheckSymbolExists.c.o
/usr/bin/cc    -o CMakeFiles/cmTC_d9800.dir/CheckSymbolExists.c.o   -c /code/build/CMakeFiles/CMakeTmp/CheckSymbolExists.c
Linking C executable cmTC_d9800
/usr/bin/cmake -E cmake_link_script CMakeFiles/cmTC_d9800.dir/link.txt --verbose=1
/usr/bin/cc      -rdynamic CMakeFiles/cmTC_d9800.dir/CheckSymbolExists.c.o  -o cmTC_d9800 
/usr/bin/ld: CMakeFiles/cmTC_d9800.dir/CheckSymbolExists.c.o: in function `main':
CheckSymbolExists.c:(.text+0x16): undefined reference to `pthread_create'
collect2: error: ld returned 1 exit status
make[1]: *** [CMakeFiles/cmTC_d9800.dir/build.make:87: cmTC_d9800] Error 1
make[1]: Leaving directory '/code/build/CMakeFiles/CMakeTmp'
make: *** [Makefile:121: cmTC_d9800/fast] Error 2

File /code/build/CMakeFiles/CMakeTmp/CheckSymbolExists.c:
/* */
#include <pthread.h>

int main(int argc, char** argv)
{
  (void)argv;
#ifndef pthread_create
  return ((int*)(&pthread_create))[argc];
#else
  (void)argc;
  return 0;
#endif
}

Determining if the function pthread_create exists in the pthreads failed with the following output:
Change Dir: /code/build/CMakeFiles/CMakeTmp

Run Build Command:"/usr/bin/make" "cmTC_25fde/fast"
/usr/bin/make -f CMakeFiles/cmTC_25fde.dir/build.make CMakeFiles/cmTC_25fde.dir/build
make[1]: Entering directory '/code/build/CMakeFiles/CMakeTmp'
Building C object CMakeFiles/cmTC_25fde.dir/CheckFunctionExists.c.o
/usr/bin/cc   -DCHECK_FUNCTION_EXISTS=pthread_create   -o CMakeFiles/cmTC_25fde.dir/CheckFunctionExists.c.o   -c /usr/share/cmake-3.13/Modules/CheckFunctionExists.c
Linking C executable cmTC_25fde
/usr/bin/cmake -E cmake_link_script CMakeFiles/cmTC_25fde.dir/link.txt --verbose=1
/usr/bin/cc  -DCHECK_FUNCTION_EXISTS=pthread_create    -rdynamic CMakeFiles/cmTC_25fde.dir/CheckFunctionExists.c.o  -o cmTC_25fde -lpthreads 
/usr/bin/ld: cannot find -lpthreads
collect2: error: ld returned 1 exit status
make[1]: *** [CMakeFiles/cmTC_25fde.dir/build.make:87: cmTC_25fde] Error 1
make[1]: Leaving directory '/code/build/CMakeFiles/CMakeTmp'
make: *** [Makefile:121: cmTC_25fde/fast] Error 2


